<?xml version="1.0" encoding="UTF-8"?>
<testsuite name="hello.jdbc.exception.basic.UnCheckedTest" tests="1" skipped="0" failures="0" errors="0" timestamp="2023-08-28T13:12:31" hostname="gimhyeongmin-ui-MacBookAir.local" time="0.035">
  <properties/>
  <testcase name="unchecked_throw()" classname="hello.jdbc.exception.basic.UnCheckedTest" time="0.035"/>
  <system-out><![CDATA[]]></system-out>
  <system-err><![CDATA[]]></system-err>
</testsuite>
